<?xml version="1.0" encoding="UTF-8"?>
<testng-results ignored="0" total="1" passed="1" failed="0" skipped="0">
  <reporter-output>
  </reporter-output>
  <suite started-at="2026-08-19T18:59:48 IST" name="Default suite" finished-at="2026-08-19T18:59:56 IST" duration-ms="8093">
    <groups>
    </groups>
    <test started-at="2026-08-19T18:59:48 IST" name="Default test" finished-at="2026-08-19T18:59:56 IST" duration-ms="8093">
      <class name="com.PTA.TestCases.ExecuteLoginPage">
        <test-method signature="CheckValidUser()[pri:0, instance:com.PTA.TestCases.ExecuteLoginPage@4b741d6d]" started-at="2026-08-19T18:59:48 IST" name="CheckValidUser" finished-at="2026-08-19T18:59:55 IST" duration-ms="7708" status="PASS">
          <reporter-output>
          </reporter-output>
        </test-method> <!-- CheckValidUser -->
      </class> <!-- com.PTA.TestCases.ExecuteLoginPage -->
    </test> <!-- Default test -->
  </suite> <!-- Default suite -->
</testng-results>
